<?xml version="1.0" encoding="UTF-8"?>
<!-- Generated by org.testng.reporters.JUnitReportReporter -->
<testsuite hostname="DESKTOP-LRFGOJA" failures="0" tests="3" name="Test.MainPageDisplay7BestSellingProductTest" time="49.552" errors="0" timestamp="2021-09-24T23:07:13 ICT" skipped="0">
  <testcase classname="Test.MainPageDisplay7BestSellingProductTest" name="Test3MenuSubcategories" time="10.649"/>
  <system-out/>
  <testcase classname="Test.MainPageDisplay7BestSellingProductTest" name="Test7BestSellerProductVisible" time="8.157"/>
  <system-out/>
  <testcase classname="Test.MainPageDisplay7BestSellingProductTest" name="TestOrderSuccessful" time="30.746"/>
  <system-out/>
</testsuite> <!-- Test.MainPageDisplay7BestSellingProductTest -->
