<?xml version="1.0" encoding="UTF-8"?>
<!-- Generated by org.testng.reporters.JUnitReportReporter -->
<testsuite hostname="DESKTOP-LRFGOJA" failures="0" tests="1" name="Test.TestBestSellerProductDisplay" time="9.262" errors="0" timestamp="2021-09-24T23:15:18 ICT" skipped="0">
  <testcase classname="Test.TestBestSellerProductDisplay" name="Test7BestSellerProductVisible" time="9.262"/>
  <system-out/>
</testsuite> <!-- Test.TestBestSellerProductDisplay -->
