<?xml version="1.0" encoding="UTF-8"?>
<!-- Generated by org.testng.reporters.JUnitReportReporter -->
<testsuite hostname="DESKTOP-LRFGOJA" failures="0" tests="1" name="Test.TestMenuSubcategoriesDisplay" time="9.260" errors="0" timestamp="2021-09-24T23:15:18 ICT" skipped="0">
  <testcase classname="Test.TestMenuSubcategoriesDisplay" name="Test3MenuSubcategories" time="9.260"/>
  <system-out/>
</testsuite> <!-- Test.TestMenuSubcategoriesDisplay -->
